time="2025-10-03T15:54:55+07:00" level=info msg="create router" func="main.main()" file="app.go:17"
time="2025-10-03T15:54:55+07:00" level=info msg="register user handler" func="main.main()" file="app.go:20"
time="2025-10-03T15:58:31+07:00" level=info msg="create router" func="main.main()" file="app.go:17"
time="2025-10-03T15:58:31+07:00" level=info msg="register user handler" func="main.main()" file="app.go:20"
time="2025-10-03T16:00:52+07:00" level=info msg="create router" func="main.main()" file="app.go:16"
time="2025-10-03T16:00:52+07:00" level=info msg="register user handler" func="main.main()" file="app.go:19"
time="2025-10-03T16:00:52+07:00" level=info msg="start application" func="main.start()" file="app.go:28"
time="2025-10-03T16:00:52+07:00" level=info msg="server is listening 127.0.0.1:1234" func="main.start()" file="app.go:40"
time="2025-10-07T20:52:19+07:00" level=info msg="create router" func="main.main()" file="app.go:21"
time="2025-10-07T20:52:19+07:00" level=info msg="read application configuration" func="REST_API_app/internal/config.GetConfig.func1()" file="config.go:25"
time="2025-10-07T20:52:19+07:00" level=info msg="register user handler" func="main.main()" file="app.go:26"
time="2025-10-07T20:52:19+07:00" level=info msg="start application" func="main.start()" file="app.go:35"
time="2025-10-07T20:52:19+07:00" level=info msg="listen tcp" func="main.start()" file="app.go:52"
time="2025-10-07T20:52:19+07:00" level=info msg="server is listening port 0.0.0.0:10000" func="main.start()" file="app.go:66"
time="2025-10-07T21:01:40+07:00" level=info msg="create router" func="main.main()" file="app.go:21"
time="2025-10-07T21:01:40+07:00" level=info msg="read application configuration" func="REST_API_app/internal/config.GetConfig.func1()" file="config.go:25"
time="2025-10-07T21:01:40+07:00" level=info msg="register user handler" func="main.main()" file="app.go:26"
time="2025-10-07T21:01:40+07:00" level=info msg="start application" func="main.start()" file="app.go:35"
time="2025-10-07T21:01:40+07:00" level=info msg="listen tcp" func="main.start()" file="app.go:53"
time="2025-10-07T21:01:40+07:00" level=info msg="server is listening port 0.0.0.0:10000" func="main.start()" file="app.go:55"
time="2025-10-07T21:02:29+07:00" level=info msg="create router" func="main.main()" file="app.go:21"
time="2025-10-07T21:02:29+07:00" level=info msg="read application configuration" func="REST_API_app/internal/config.GetConfig.func1()" file="config.go:25"
time="2025-10-07T21:02:29+07:00" level=info msg="register user handler" func="main.main()" file="app.go:26"
time="2025-10-07T21:02:29+07:00" level=info msg="start application" func="main.start()" file="app.go:35"
time="2025-10-07T21:02:29+07:00" level=info msg="detect app path" func="main.start()" file="app.go:41"
time="2025-10-07T21:02:29+07:00" level=info msg="create socket" func="main.start()" file="app.go:46"
time="2025-10-07T21:02:29+07:00" level=info msg="listen unix socket" func="main.start()" file="app.go:49"
time="2025-10-07T21:02:29+07:00" level=info msg="server is listening unix socket: /home/admin/GolandProjects/REST_API_app/build/app.sock" func="main.start()" file="app.go:51"
